<?xml version="1.0" encoding="UTF-8"?>
<!-- Generated by org.testng.reporters.JUnitReportReporter -->
<testsuite hostname="Nihar" failures="0" tests="1" name="cucumber.TestNGTestRunner" time="85.441" errors="0" timestamp="2023-06-13T17:20:32 IST" skipped="0">
  <testcase classname="cucumber.TestNGTestRunner" name="runScenario" time="85.441"/>
  <system-out/>
</testsuite> <!-- cucumber.TestNGTestRunner -->
