<?xml version="1.0" encoding="UTF-8"?>
<!-- Generated by org.testng.reporters.JUnitReportReporter -->
<testsuite hostname="DESKTOP-L0QPCV5" failures="0" tests="1" name="kartonline.test.TS_001RegisterFunctionality" time="18.949" errors="0" timestamp="2023-03-30T01:26:02 IST" skipped="0">
  <testcase classname="kartonline.test.TS_001RegisterFunctionality" name="TC_RF_012" time="18.949"/>
  <system-out/>
</testsuite> <!-- kartonline.test.TS_001RegisterFunctionality -->
