<?xml version="1.0" encoding="UTF-8"?>
<!-- Generated by org.testng.reporters.JUnitReportReporter -->
<testsuite hostname="Nihar" failures="0" tests="6" name="kartonline.test.TS_002LoginFunctionalityTest" time="19.013" errors="0" timestamp="2023-06-05T01:52:08 IST" skipped="0">
  <testcase classname="kartonline.test.TS_002LoginFunctionalityTest" name="TC_LF_004" time="1.849"/>
  <system-out/>
  <testcase classname="kartonline.test.TS_002LoginFunctionalityTest" name="TC_LF_005" time="1.746"/>
  <system-out/>
  <testcase classname="kartonline.test.TS_002LoginFunctionalityTest" name="TC_LF_006" time="4.992"/>
  <system-out/>
  <testcase classname="kartonline.test.TS_002LoginFunctionalityTest" name="TC_LF_002" time="1.839"/>
  <system-out/>
  <testcase classname="kartonline.test.TS_002LoginFunctionalityTest" name="TC_LF_003" time="1.787"/>
  <system-out/>
  <testcase classname="kartonline.test.TS_002LoginFunctionalityTest" name="TC_LF_001" time="6.800"/>
  <system-out/>
</testsuite> <!-- kartonline.test.TS_002LoginFunctionalityTest -->
