<?xml version="1.0" encoding="UTF-8"?>
<!-- Generated by org.testng.reporters.JUnitReportReporter -->
<testsuite hostname="Nihar" failures="0" tests="1" name="kartonline.test.TS_003LogoutFunctionalityTest" time="51.200" errors="0" timestamp="2023-06-05T13:51:19 IST" skipped="0">
  <testcase classname="kartonline.test.TS_003LogoutFunctionalityTest" name="TC_LG_002" time="51.200"/>
  <system-out/>
</testsuite> <!-- kartonline.test.TS_003LogoutFunctionalityTest -->
