<?xml version="1.0" encoding="UTF-8"?>
<!-- Generated by org.testng.reporters.JUnitReportReporter -->
<testsuite hostname="Nihar" failures="0" tests="1" name="kartonline.test.OrderProduct" time="39.330" errors="0" timestamp="2023-06-11T01:20:11 IST" skipped="0">
  <testcase classname="kartonline.test.OrderProduct" name="submitOrder" time="39.330"/>
  <system-out/>
</testsuite> <!-- kartonline.test.OrderProduct -->
