<?xml version="1.0" encoding="UTF-8"?>
<!-- Generated by org.testng.reporters.JUnitReportReporter -->
<testsuite hostname="Nihar" failures="0" tests="1" name="kartonline.test.TS_001RegisterFunctionalityTest" time="4.804" errors="0" timestamp="2023-06-14T13:22:50 IST" skipped="0">
  <testcase classname="kartonline.test.TS_001RegisterFunctionalityTest" name="TC_RF_017" time="4.804"/>
  <system-out/>
</testsuite> <!-- kartonline.test.TS_001RegisterFunctionalityTest -->
